PID     | Time                | Lvl      |    File:Nu | Function             | Message
--------+---------------------+----------+------------+----------------------+---------------------------------------------------
2835839 | 2026-04-13 15:07:35 | INFO     |   logab:0  | exec_program         | idx: 0
2835839 | 2026-04-13 15:07:36 | INFO     |   logab:0  | exec_program         | idx: 1
2835839 | 2026-04-13 15:07:36 | WARNING  |   logab:0  | print_main           | In function of main.py
2835839 | 2026-04-13 15:07:37 | INFO     |   logab:0  | exec_program         | idx: 2
2835839 | 2026-04-13 15:07:37 | DEBUG    |   logab:0  | supermegaprint       | nam kha
2835839 | 2026-04-13 15:07:37 | WARNING  |   logab:0  | exec_program         | Some warn | ing message
--------+---------------------+----------+------------+----------------------+---------------------------------------------------
2835839 | 2026-04-13 15:07:37 | DEBUG    |   logab:0  | exec_program         | this is a multiline message
2835839 | 2026-04-13 15:07:37 | DEBUG    |   logab:0  | exec_program         | this is line number 2
--------+---------------------+----------+------------+----------------------+---------------------------------------------------
2835839 | 2026-04-13 15:07:38 | INFO     |   logab:0  | exec_program         | idx: 3
2835839 | 2026-04-13 15:07:38 | CRITICAL |   logab:0  | critical_function    | Some critical message
2835839 | 2026-04-13 15:07:39 | INFO     |   logab:0  | exec_program         | idx: 4
2835839 | 2026-04-13 15:07:39 | DEBUG    |   logab:0  | override_print       | override built-in print function
2835839 | 2026-04-13 15:07:40 | INFO     |   logab:0  | exec_program         | idx: 5
2835839 | 2026-04-13 15:07:40 | DEBUG    |   logab:0  | a_very_long_function | nam kha
--------+---------------------+----------+------------+----------------------+---------------------------------------------------
2835839 | 2026-04-13 15:07:40 | DEBUG    |   logab:0  | exec_program         | this is a multiline message
2835839 | 2026-04-13 15:07:40 | DEBUG    |   logab:0  | exec_program         |  this is line number 2
--------+---------------------+----------+------------+----------------------+---------------------------------------------------
2835839 | 2026-04-13 15:07:41 | INFO     |   logab:0  | exec_program         | idx: 6
2835839 | 2026-04-13 15:07:41 | DEBUG    |   logab:0  | newfunc              | A very long path
2835839 | 2026-04-13 15:07:42 | INFO     |   logab:0  | exec_program         | idx: 7
2835839 | 2026-04-13 15:07:42 | ERROR    |   logab:0  | log_wrap             | [Errno 2] No such file or directory: 'abc.txt'
--------+---------------------+----------+------------+----------------------+---------------------------------------------------
Traceback (most recent call last):
  File "/scratchdata1/users/a1956473/projects/logab/logab/log_utils.py", line 256, in log_wrap
    yield
  File "/scratchdata1/users/a1956473/projects/logab/main_debug.py", line 49, in <module>
    exec_program()
    ~~~~~~~~~~~~^^
  File "/scratchdata1/users/a1956473/projects/logab/main_debug.py", line 37, in exec_program
    error_func()
    ~~~~~~~~~~^^
  File "/scratchdata1/users/a1956473/projects/logab/tests/utils/error.py", line 2, in error_func
    with open('abc.txt', 'r') as file:
         ~~~~^^^^^^^^^^^^^^^^
FileNotFoundError: [Errno 2] No such file or directory: 'abc.txt'
--------+---------------------+----------+------------+----------------------+---------------------------------------------------
2835839 | 2026-04-13 15:07:42 | INFO     |   logab:0  | log_wrap             | Execution time 8.0207 seconds
