PID   | Time                    | Level    | Function                 |           Location:No | Message
------|-------------------------|----------|--------------------------|-----------------------|--------
45628 | 2025-05-13 12:59:40,981 | INFO     | log_context              |              lognk:0  | Context init
45628 | 2025-05-13 12:59:41,982 | DEBUG    | supermegaprint           |            temp.py:9  | nam kha
45628 | 2025-05-13 12:59:41,983 | DEBUG    | myfunc                   |          inside.py:7  | 123
45628 | 2025-05-13 12:59:42,987 | DEBUG    | supermegaprint           |            temp.py:9  | nam kha
45628 | 2025-05-13 12:59:42,987 | DEBUG    | myfunc                   |          inside.py:7  | 123
45628 | 2025-05-13 12:59:43,988 | DEBUG    | supermegaprint           |            temp.py:9  | nam kha
45628 | 2025-05-13 12:59:43,989 | DEBUG    | myfunc                   |          inside.py:7  | 123
45628 | 2025-05-13 12:59:43,989 | DEBUG    | supermegaprint           |            temp.py:9  | nam kha
45628 | 2025-05-13 12:59:43,989 | WARNING  | <module>                 |            test.py:18 | Loss: 2 游客
45628 | 2025-05-13 12:59:43,989 | CRITICAL | <module>                 |            test.py:19 | Loss: 2 au cuộc đàm phán cuối tuần trước, Mỹ và Trung Quốc thống nhất tạm hoãn một phần thuế đối ứng trong 90 ngày, đồng thời giảm đáng kể tổng thuế nhập khẩu.
45628 | 2025-05-13 12:59:43,989 | DEBUG    | print_somethingggggggggg | utils / newfunc.py:6  | Im the best
45628 | 2025-05-13 12:59:44,991 | DEBUG    | supermegaprint           |            temp.py:9  | nam kha
45628 | 2025-05-13 12:59:44,992 | DEBUG    | myfunc                   |          inside.py:7  | 123
45628 | 2025-05-13 12:59:45,992 | DEBUG    | supermegaprint           |            temp.py:9  | nam kha
45628 | 2025-05-13 12:59:45,992 | DEBUG    | myfunc                   |          inside.py:7  | 123
45628 | 2025-05-13 12:59:45,993 | DEBUG    | supermegaprint           |            temp.py:9  | nam kha
45628 | 2025-05-13 12:59:45,993 | WARNING  | <module>                 |            test.py:18 | Loss: 4 游客
45628 | 2025-05-13 12:59:45,993 | CRITICAL | <module>                 |            test.py:19 | Loss: 4 au cuộc đàm phán cuối tuần trước, Mỹ và Trung Quốc thống nhất tạm hoãn một phần thuế đối ứng trong 90 ngày, đồng thời giảm đáng kể tổng thuế nhập khẩu.
45628 | 2025-05-13 12:59:45,993 | DEBUG    | print_somethingggggggggg | utils / newfunc.py:6  | Im the best
45628 | 2025-05-13 12:59:46,993 | DEBUG    | supermegaprint           |            temp.py:9  | nam kha
45628 | 2025-05-13 12:59:46,994 | DEBUG    | myfunc                   |          inside.py:7  | 123
45628 | 2025-05-13 12:59:46,995 | ERROR    | log_context              |              lognk:0  | Traceback (most recent call last):
  File "/home/namkha/Documents/mydev/lognk/lognk/log_utils.py", line 136, in log_context
    yield
  File "/home/namkha/Documents/mydev/lognk/test.py", line 24, in <module>
    with open('abc.txt', 'r') as file:
FileNotFoundError: [Errno 2] No such file or directory: 'abc.txt'

45628 | 2025-05-13 12:59:46,995 | INFO     | log_context              |              lognk:0  | Context time 6.01 seconds
