3284677 | 2025-10-18 19:57:41,451 | 游댯 info | exec_program | main_func.py:25 | idx: 0
3284677 | 2025-10-18 19:57:42,452 | 游댯 info | exec_program | main_func.py:25 | idx: 1
3284677 | 2025-10-18 19:57:42,452 | 游리 warning | print_main   | main_func.py:16 | In function of main.py
3284677 | 2025-10-18 19:57:43,452 | 游댯 info    | exec_program | main_func.py:25 | idx: 2
3284677 | 2025-10-18 19:57:43,452 | 游릭 debug   | supermegaprint | tests/temp.py:12 | nam kha
3284677 | 2025-10-18 19:57:43,452 | 游리 warning | exec_program   |  main_func.py:30 | Some warning message
3284677 | 2025-10-18 19:57:44,452 | 游댯 info    | exec_program   |  main_func.py:25 | idx: 3
3284677 | 2025-10-18 19:57:44,452 | 游릮 critical | critical_function |   critical.py:6  | Some critical message
3284677 | 2025-10-18 19:57:45,452 | 游댯 info     | exec_program      |  main_func.py:25 | idx: 4
3284677 | 2025-10-18 19:57:45,454 | 游릭 debug    | override_print    |  new_print.py:2  | override built-in print function
3284677 | 2025-10-18 19:57:46,454 | 游댯 info     | exec_program      |  main_func.py:25 | idx: 5
3284677 | 2025-10-18 19:57:46,454 | 游릭 debug    | a_very_long_function | tests/temp.py:16 | nam kha
3284677 | 2025-10-18 19:57:47,454 | 游댯 info     | exec_program         |  main_func.py:25 | idx: 6
3284677 | 2025-10-18 19:57:47,455 | 游릭 debug    | newfunc              | tests/utils/use.py:6  | A very long path
3284677 | 2025-10-18 19:57:48,455 | 游댯 info     | exec_program         |       main_func.py:25 | idx: 7
3284677 | 2025-10-18 19:57:48,457 | 游댮 error    | log_wrap             |              logab:0  | [Errno 2] No such file or directory: 'abc.txt'
3284677 | 2025-10-18 19:57:48,457 | 游댯 info     | log_wrap             |              logab:0  | Execution time 8.0060 seconds
--------+-------------------------+-------------+----------------------+-----------------------+-----------------------------------------

Traceback (most recent call last):
  File "/scratchdata1/users/a1956473/projects/logab/logab/log_utils.py", line 188, in log_wrap
    yield
  File "/scratchdata1/users/a1956473/projects/logab/main_func.py", line 40, in exec_program
    error_func()
    ~~~~~~~~~~^^
  File "/scratchdata1/users/a1956473/projects/logab/tests/utils/error.py", line 2, in error_func
    with open('abc.txt', 'r') as file:
         ~~~~^^^^^^^^^^^^^^^^
FileNotFoundError: [Errno 2] No such file or directory: 'abc.txt'

--------+-------------------------+-------------+----------------------+-----------------------+-----------------------------------------
